<?xml version="1.0" encoding="UTF-8"?>
<!-- Generated by org.testng.reporters.JUnitReportReporter -->
<testsuite hostname="DELL" failures="0" tests="5" name="EntrataAssignement" time="140.678" errors="0" timestamp="2024-02-10T15:15:45 IST" skipped="0">
  <testcase classname="EntrataAssignement" name="launchBrowser" time="59.365"/>
  <testcase classname="EntrataAssignement" name="Homepage" time="15.812"/>
  <testcase classname="EntrataAssignement" name="formsubmit" time="13.467"/>
  <testcase classname="EntrataAssignement" name="verifyResult" time="49.697"/>
  <testcase classname="EntrataAssignement" name="dyanamicElefind" time="2.337"/>
</testsuite> <!-- EntrataAssignement -->
